<?xml version="1.0" encoding="UTF-8"?>
<testng-results skipped="0" failed="0" ignored="0" total="1" passed="1">
  <reporter-output>
  </reporter-output>
  <suite name="Default suite" duration-ms="4768" started-at="2018-12-26T10:58:35Z" finished-at="2018-12-26T10:58:40Z">
    <groups>
    </groups>
    <test name="Default test" duration-ms="4768" started-at="2018-12-26T10:58:35Z" finished-at="2018-12-26T10:58:40Z">
      <class name="Tests.LearningTest">
        <test-method status="PASS" signature="GetGoogleMapDetails()[pri:0, instance:Tests.LearningTest@598067a5]" name="GetGoogleMapDetails" duration-ms="4719" started-at="2018-12-26T10:58:35Z" finished-at="2018-12-26T10:58:39Z">
          <reporter-output>
          </reporter-output>
        </test-method> <!-- GetGoogleMapDetails -->
      </class> <!-- Tests.LearningTest -->
    </test> <!-- Default test -->
  </suite> <!-- Default suite -->
</testng-results>
